<?xml version="1.0" encoding="utf-8" standalone="no"?>
<!--This file represents the results of running a test suite-->
<test-results name="C:\Users\User\Documents\Visual Studio 2010\Projects\HireMe\HireMe\HireMe.Tests\HireMe.Tests.csproj" total="1" errors="0" failures="1" not-run="0" inconclusive="0" ignored="0" skipped="0" invalid="0" date="2011-12-23" time="23:38:25">
  <environment nunit-version="2.5.10.11092" clr-version="2.0.50727.5448" os-version="Microsoft Windows NT 6.1.7601 Service Pack 1" platform="Win32NT" cwd="C:\Users\User\Documents\Visual Studio 2010\Projects\HireMe\HireMe\HireMe.Tests" machine-name="USER-PC" user="User" user-domain="User-PC" />
  <culture-info current-culture="en-US" current-uiculture="en-US" />
  <test-suite type="Project" name="C:\Users\User\Documents\Visual Studio 2010\Projects\HireMe\HireMe\HireMe.Tests\HireMe.Tests.csproj" executed="True" result="Failure" success="False" time="0.030" asserts="0">
    <results>
      <test-suite type="Assembly" name="C:\Users\User\Documents\Visual Studio 2010\Projects\HireMe\HireMe\HireMe.Tests\bin\Debug\HireMe.Tests.exe" executed="True" result="Failure" success="False" time="0.026" asserts="0">
        <results>
          <test-suite type="Namespace" name="HireMe" executed="True" result="Failure" success="False" time="0.024" asserts="0">
            <results>
              <test-suite type="SetUpFixture" name="Tests" executed="True" result="Error" success="False" time="0.022" asserts="0">
                <failure>
                  <message><![CDATA[SetUp : System.ComponentModel.Composition.CompositionException : The composition produced a single composition error. The root cause is provided below. Review the CompositionException.Errors property for more detailed information.

1) Could not find default endpoint element that references contract 'WcfServices.Customer.ICustomerDal' in the ServiceModel client configuration section. This might be because no configuration file was found for your application, or because no endpoint element matching this contract could be found in the client element.

Resulting in: An exception occurred while trying to create an instance of type 'HireMe.WcfClient.CustomerDalProxy'.

Resulting in: Cannot activate part 'HireMe.WcfClient.CustomerDalProxy'.
Element: HireMe.WcfClient.CustomerDalProxy -->  HireMe.WcfClient.CustomerDalProxy -->  AssemblyCatalog (Assembly="HireMe.WcfClient, Version=1.0.0.0, Culture=neutral, PublicKeyToken=null")

Resulting in: Cannot get export 'HireMe.WcfClient.CustomerDalProxy (ContractName="HireMe.DataAccess.ICustomerDal")' from part 'HireMe.WcfClient.CustomerDalProxy'.
Element: HireMe.WcfClient.CustomerDalProxy (ContractName="HireMe.DataAccess.ICustomerDal") -->  HireMe.WcfClient.CustomerDalProxy -->  AssemblyCatalog (Assembly="HireMe.WcfClient, Version=1.0.0.0, Culture=neutral, PublicKeyToken=null")
]]></message>
                  <stack-trace><![CDATA[at System.ComponentModel.Composition.Hosting.CompositionServices.GetExportedValueFromComposedPart(ImportEngine engine, ComposablePart part, ExportDefinition definition)
at System.ComponentModel.Composition.Hosting.CatalogExportProvider.GetExportedValue(ComposablePart part, ExportDefinition export, Boolean isSharedPart)
at System.ComponentModel.Composition.Hosting.CatalogExportProvider.CatalogExport.GetExportedValueCore()
at System.ComponentModel.Composition.Primitives.Export.get_Value()
at System.ComponentModel.Composition.ExportServices.GetExportedValueFromLazy[T](Export export)
at System.ComponentModel.Composition.Hosting.ExportProvider.GetExportedValueCore[T](String contractName, ImportCardinality cardinality)
at System.ComponentModel.Composition.Hosting.ExportProvider.GetExportedValue[T](String contractName)
at System.ComponentModel.Composition.Hosting.ExportProvider.GetExportedValue[T]()
at HireMe.DataAccess.DalManager.Initialize(CompositionContainer container) in C:\Users\User\Documents\Visual Studio 2010\Projects\HireMe\HireMe\HireMe.DataAccess\DalManager.cs:line 19
at HireMe.Tests.SetupTeardownTests.SetupTests() in C:\Users\User\Documents\Visual Studio 2010\Projects\HireMe\HireMe\HireMe.Tests\SetupTeardownTests.cs:line 28
]]></stack-trace>
                </failure>
                <results>
                  <test-case name="HireMe.Tests.Business.CustomerTests.COMMIT" executed="True" result="Failure" success="False" time="0.000" asserts="0">
                    <failure>
                      <message><![CDATA[TestFixtureSetUp failed in SetupTeardownTests]]></message>
                      <stack-trace />
                    </failure>
                  </test-case>
                  <test-suite type="TestFixture" name="CustomerTests" executed="True" result="Failure" success="False" time="0.000" asserts="0" />
                  <test-suite type="Namespace" name="Business" executed="True" result="Failure" success="False" time="0.000" asserts="0" />
                </results>
              </test-suite>
            </results>
          </test-suite>
        </results>
      </test-suite>
    </results>
  </test-suite>
</test-results>