<?xml version="1.0" encoding="utf-8" standalone="no"?>
<!--This file represents the results of running a test suite-->
<test-results name="C:\Users\User\Documents\Visual Studio 2010\Projects\HireMe\HireMe\HireMe.Tests\HireMe.Tests.csproj" total="20" errors="0" failures="0" not-run="0" inconclusive="0" ignored="0" skipped="0" invalid="0" date="2011-12-26" time="18:10:59">
  <environment nunit-version="2.5.10.11092" clr-version="2.0.50727.5448" os-version="Microsoft Windows NT 6.1.7601 Service Pack 1" platform="Win32NT" cwd="C:\Users\User\Documents\Visual Studio 2010\Projects\HireMe\HireMe\HireMe.Tests" machine-name="USER-PC" user="User" user-domain="User-PC" />
  <culture-info current-culture="en-US" current-uiculture="en-US" />
  <test-suite type="Project" name="C:\Users\User\Documents\Visual Studio 2010\Projects\HireMe\HireMe\HireMe.Tests\HireMe.Tests.csproj" executed="True" result="Success" success="True" time="27.543" asserts="0">
    <results>
      <test-suite type="Assembly" name="C:\Users\User\Documents\Visual Studio 2010\Projects\HireMe\HireMe\HireMe.Tests\bin\Debug\HireMe.Tests.exe" executed="True" result="Success" success="True" time="27.535" asserts="0">
        <results>
          <test-suite type="Namespace" name="HireMe" executed="True" result="Success" success="True" time="27.534" asserts="0">
            <results>
              <test-suite type="SetUpFixture" name="Tests" executed="True" result="Success" success="True" time="27.529" asserts="0">
                <results>
                  <test-suite type="TestFixture" name="CustomerDalProxyTests" executed="True" result="Success" success="True" time="0.018" asserts="0">
                    <results>
                      <test-case name="HireMe.Tests.CustomerDalProxyTests.CREATE_PROXY_ITSELF" executed="True" result="Success" success="True" time="0.009" asserts="0" />
                    </results>
                  </test-suite>
                  <test-suite type="TestFixture" name="CustomerTests" executed="True" result="Success" success="True" time="25.236" asserts="0">
                    <results>
                      <test-case name="HireMe.Tests.CustomerTests.COMMIT" executed="True" result="Success" success="True" time="23.381" asserts="2" />
                      <test-case name="HireMe.Tests.CustomerTests.CREATE_NEW" executed="True" result="Success" success="True" time="0.008" asserts="0" />
                      <test-case name="HireMe.Tests.CustomerTests.DELETE_IMMEDIATELY" executed="True" result="Success" success="True" time="1.701" asserts="0" />
                      <test-case name="HireMe.Tests.CustomerTests.GET" executed="True" result="Success" success="True" time="0.025" asserts="0" />
                      <test-case name="HireMe.Tests.CustomerTests.LOAD_FROM_DTO" executed="True" result="Success" success="True" time="0.022" asserts="7" />
                      <test-case name="HireMe.Tests.CustomerTests.PROPERTYCHANGED_TRIGGERED" executed="True" result="Success" success="True" time="0.008" asserts="1" />
                      <test-case name="HireMe.Tests.CustomerTests.TO_DTO" executed="True" result="Success" success="True" time="0.022" asserts="7" />
                      <test-case name="HireMe.Tests.CustomerTests.UPDATE" executed="True" result="Success" success="True" time="0.027" asserts="1" />
                    </results>
                  </test-suite>
                  <test-suite type="TestFixture" name="CustomerViewModelTests" executed="True" result="Success" success="True" time="0.037" asserts="0">
                    <results>
                      <test-case name="HireMe.Tests.CustomerViewModelTests.CUSTOMER_NAME_CHANGE_PROPAGATES_PROPERTY_CHANGED_TO_VIEWMODEL" executed="True" result="Success" success="True" time="0.035" asserts="1" />
                    </results>
                  </test-suite>
                  <test-suite type="TestFixture" name="ReviewDalProxyTests" executed="True" result="Success" success="True" time="0.004" asserts="0">
                    <results>
                      <test-case name="HireMe.Tests.ReviewDalProxyTests.CREATE_PROXY_ITSELF" executed="True" result="Success" success="True" time="0.002" asserts="0" />
                    </results>
                  </test-suite>
                  <test-suite type="TestFixture" name="ReviewTests" executed="True" result="Success" success="True" time="1.054" asserts="0">
                    <results>
                      <test-case name="HireMe.Tests.ReviewTests.COMMIT" executed="True" result="Success" success="True" time="0.017" asserts="1" />
                      <test-case name="HireMe.Tests.ReviewTests.CREATE_FROM_DTO" executed="True" result="Success" success="True" time="0.005" asserts="0" />
                      <test-case name="HireMe.Tests.ReviewTests.CREATE_NEW" executed="True" result="Success" success="True" time="0.005" asserts="0" />
                      <test-case name="HireMe.Tests.ReviewTests.DELETE_IMMEDIATELY" executed="True" result="Success" success="True" time="0.935" asserts="0" />
                      <test-case name="HireMe.Tests.ReviewTests.GET" executed="True" result="Success" success="True" time="0.009" asserts="0" />
                      <test-case name="HireMe.Tests.ReviewTests.LOAD_FROM_DTO" executed="True" result="Success" success="True" time="0.010" asserts="3" />
                      <test-case name="HireMe.Tests.ReviewTests.PROPERTYCHANGED_TRIGGERED" executed="True" result="Success" success="True" time="0.005" asserts="1" />
                      <test-case name="HireMe.Tests.ReviewTests.TO_DTO" executed="True" result="Success" success="True" time="0.005" asserts="3" />
                      <test-case name="HireMe.Tests.ReviewTests.UPDATE" executed="True" result="Success" success="True" time="0.011" asserts="0" />
                    </results>
                  </test-suite>
                </results>
              </test-suite>
            </results>
          </test-suite>
        </results>
      </test-suite>
    </results>
  </test-suite>
</test-results>